TN:
SF:/home/sum/DEV/ETH/Polkastarter/Staking/staking-pols/contracts/IPolsStakeMigrate.sol
FNF:0
FNH:0
LF:0
LH:0
BRF:0
BRH:0
end_of_record
TN:
SF:/home/sum/DEV/ETH/Polkastarter/Staking/staking-pols/contracts/PolsStake.sol
FN:85,constructor
FN:102,stake
FN:106,getLockTimePeriod
FN:110,setLockTimePeriodDefault
FN:119,toUint48
FN:124,toUint128
FN:132,max
FN:139,min
FN:147,stakeTime
FN:151,stakeAmount
FN:156,balanceOf
FN:160,userAccumulatedRewards
FN:168,getUnlockTime
FN:176,remainingLockPeriod
FN:225,getRewardTokenBalance
FN:236,getLockTimePeriodOptions
FN:240,getLockTimePeriodRewardFactors
FN:246,setLockedRewardsEnabled
FN:251,setUnlockedRewardsFactor
FN:261,setRewardToken
FN:278,setLockTimePeriodOptions
FN:299,setStakeRewardFactor
FN:308,setStakeRewardEndTime
FN:314,setPrevPolsStaking
FN:323,burnRewards
FN:336,stakeAmount_msgSender
FN:340,stakeTime_msgSender
FN:344,getUnlockTime_msgSender
FN:348,userClaimableRewards_msgSender
FN:352,userAccumulatedRewards_msgSender
FN:356,userTotalRewards_msgSender
FN:360,getEarnedRewardTokens_msgSender
FN:368,remainingLockPeriod_msgSender
FN:395,_userClaimableRewardsCalculation
FN:472,userClaimableRewardsCurrent
FN:491,userClaimableRewards
FN:495,userTotalRewards
FN:499,getEarnedRewardTokens
FN:517,_updateRewards
FN:535,_stakelockTimeChoice
FN:577,extendLockTime
FN:595,topUp
FN:616,migrateRewards
FN:633,migrateRewards_msgSender
FN:646,_withdraw
FN:669,_claim
FN:692,stakelockTimeChoice
FN:696,claim
FN:700,withdraw
FN:704,withdrawAll
FN:719,removeOtherERC20Tokens
FNF:51
FNH:45
FNDA:6,constructor
FNDA:49,stake
FNDA:6,getLockTimePeriod
FNDA:6,setLockTimePeriodDefault
FNDA:917,toUint48
FNDA:281,toUint128
FNDA:0,max
FNDA:363,min
FNDA:0,stakeTime
FNDA:32,stakeAmount
FNDA:14,balanceOf
FNDA:35,userAccumulatedRewards
FNDA:178,getUnlockTime
FNDA:8,remainingLockPeriod
FNDA:78,getRewardTokenBalance
FNDA:10,getLockTimePeriodOptions
FNDA:4,getLockTimePeriodRewardFactors
FNDA:6,setLockedRewardsEnabled
FNDA:30,setUnlockedRewardsFactor
FNDA:48,setRewardToken
FNDA:32,setLockTimePeriodOptions
FNDA:12,setStakeRewardFactor
FNDA:0,setStakeRewardEndTime
FNDA:3,setPrevPolsStaking
FNDA:13,burnRewards
FNDA:82,stakeAmount_msgSender
FNDA:12,stakeTime_msgSender
FNDA:6,getUnlockTime_msgSender
FNDA:30,userClaimableRewards_msgSender
FNDA:32,userAccumulatedRewards_msgSender
FNDA:24,userTotalRewards_msgSender
FNDA:8,getEarnedRewardTokens_msgSender
FNDA:8,remainingLockPeriod_msgSender
FNDA:517,_userClaimableRewardsCalculation
FNDA:406,userClaimableRewardsCurrent
FNDA:0,userClaimableRewards
FNDA:54,userTotalRewards
FNDA:34,getEarnedRewardTokens
FNDA:173,_updateRewards
FNDA:151,_stakelockTimeChoice
FNDA:0,extendLockTime
FNDA:0,topUp
FNDA:14,migrateRewards
FNDA:14,migrateRewards_msgSender
FNDA:166,_withdraw
FNDA:26,_claim
FNDA:102,stakelockTimeChoice
FNDA:26,claim
FNDA:84,withdraw
FNDA:82,withdrawAll
FNDA:39,removeOtherERC20Tokens
DA:86,6
DA:88,6
DA:91,6
DA:92,6
DA:93,6
DA:94,6
DA:95,6
DA:103,49
DA:107,6
DA:111,6
DA:120,917
DA:121,917
DA:125,281
DA:126,281
DA:133,0
DA:140,363
DA:148,0
DA:152,32
DA:157,14
DA:161,35
DA:169,178
DA:177,8
DA:178,8
DA:179,4
DA:181,4
DA:226,78
DA:227,52
DA:228,52
DA:229,26
DA:237,10
DA:241,4
DA:247,6
DA:248,6
DA:252,30
DA:253,26
DA:262,48
DA:263,48
DA:264,48
DA:265,24
DA:267,46
DA:268,43
DA:280,32
DA:281,26
DA:282,26
DA:283,26
DA:284,182
DA:287,6
DA:289,32
DA:290,32
DA:291,32
DA:300,12
DA:301,12
DA:309,0
DA:310,0
DA:311,0
DA:315,3
DA:316,3
DA:324,13
DA:326,13
DA:327,0
DA:329,13
DA:331,13
DA:337,82
DA:341,12
DA:345,6
DA:349,30
DA:353,32
DA:357,24
DA:361,8
DA:369,8
DA:405,517
DA:409,361
DA:414,335
DA:419,325
DA:421,315
DA:422,315
DA:423,315
DA:429,315
DA:431,213
DA:433,80
DA:434,80
DA:435,55
DA:437,80
DA:442,133
DA:443,7
DA:448,126
DA:452,126
DA:453,126
DA:454,126
DA:460,102
DA:461,102
DA:464,315
DA:473,406
DA:474,406
DA:492,0
DA:496,54
DA:500,34
DA:501,4
DA:503,30
DA:520,173
DA:521,173
DA:525,173
DA:536,151
DA:541,149
DA:544,149
DA:548,149
DA:550,149
DA:551,123
DA:552,123
DA:553,123
DA:554,123
DA:558,26
DA:561,147
DA:562,125
DA:563,125
DA:565,125
DA:568,147
DA:569,137
DA:578,0
DA:580,0
DA:581,0
DA:582,0
DA:583,0
DA:584,0
DA:586,0
DA:587,0
DA:596,0
DA:597,0
DA:598,0
DA:602,0
DA:604,0
DA:605,0
DA:607,0
DA:609,0
DA:610,0
DA:617,14
DA:618,14
DA:620,14
DA:621,14
DA:623,13
DA:625,13
DA:626,13
DA:627,13
DA:629,12
DA:630,12
DA:634,14
DA:647,166
DA:648,164
DA:650,160
DA:652,160
DA:653,156
DA:654,156
DA:656,156
DA:659,156
DA:661,139
DA:662,139
DA:670,26
DA:671,26
DA:672,26
DA:675,26
DA:676,26
DA:677,26
DA:680,26
DA:681,26
DA:683,24
DA:684,23
DA:693,102
DA:697,26
DA:701,84
DA:705,82
DA:720,39
DA:721,39
DA:722,39
DA:723,33
LF:174
LH:150
BRDA:86,1,0,6
BRDA:86,1,1,0
BRDA:120,2,0,917
BRDA:120,2,1,0
BRDA:125,3,0,281
BRDA:125,3,1,0
BRDA:178,4,0,4
BRDA:178,4,1,4
BRDA:226,5,0,26
BRDA:226,5,1,52
BRDA:228,6,0,26
BRDA:228,6,1,26
BRDA:264,7,0,24
BRDA:264,7,1,24
BRDA:280,8,0,26
BRDA:280,8,1,6
BRDA:289,9,0,32
BRDA:289,9,1,0
BRDA:309,10,0,0
BRDA:309,10,1,0
BRDA:326,11,0,0
BRDA:326,11,1,13
BRDA:405,12,0,156
BRDA:405,12,1,361
BRDA:409,13,0,335
BRDA:409,13,1,26
BRDA:414,14,0,325
BRDA:414,14,1,10
BRDA:419,15,0,10
BRDA:419,15,1,315
BRDA:429,16,0,213
BRDA:429,16,1,102
BRDA:431,17,0,80
BRDA:431,17,1,133
BRDA:434,18,0,55
BRDA:434,18,1,25
BRDA:442,19,0,7
BRDA:442,19,1,126
BRDA:452,20,0,126
BRDA:452,20,1,0
BRDA:500,21,0,4
BRDA:500,21,1,30
BRDA:536,22,0,2
BRDA:536,22,1,149
BRDA:550,23,0,123
BRDA:550,23,1,26
BRDA:552,24,0,123
BRDA:552,24,1,0
BRDA:558,25,0,26
BRDA:558,25,1,0
BRDA:561,26,0,125
BRDA:561,26,1,22
BRDA:578,27,0,0
BRDA:578,27,1,0
BRDA:581,28,0,0
BRDA:581,28,1,0
BRDA:583,29,0,0
BRDA:583,29,1,0
BRDA:596,30,0,0
BRDA:596,30,1,0
BRDA:618,31,0,14
BRDA:618,31,1,0
BRDA:621,32,0,13
BRDA:621,32,1,1
BRDA:626,33,0,13
BRDA:626,33,1,0
BRDA:647,34,0,164
BRDA:647,34,1,2
BRDA:648,35,0,160
BRDA:648,35,1,4
BRDA:652,36,0,156
BRDA:652,36,1,4
BRDA:670,37,0,26
BRDA:670,37,1,0
BRDA:672,38,0,26
BRDA:672,38,1,0
BRDA:680,39,0,26
BRDA:680,39,1,0
BRDA:720,40,0,39
BRDA:720,40,1,0
BRF:80
BRH:56
end_of_record
