TN:
SF:/home/sum/DEV/ETH/Polkastarter/staking-hardhat/contracts/IERC20Metadata.sol
FNF:0
FNH:0
LF:0
LH:0
BRF:0
BRH:0
end_of_record
TN:
SF:/home/sum/DEV/ETH/Polkastarter/staking-hardhat/contracts/IERC20Mintable.sol
FNF:0
FNH:0
LF:0
LH:0
BRF:0
BRH:0
end_of_record
TN:
SF:/home/sum/DEV/ETH/Polkastarter/staking-hardhat/contracts/PolkastarterToken.sol
FN:51,add
FN:67,sub
FN:82,sub
FN:102,mul
FN:127,div
FN:144,div
FN:168,mod
FN:185,mod
FN:211,totalSupply
FN:220,transfer
FN:235,balanceOf
FN:278,transferFrom
FN:304,approve
FN:316,allowance
FN:330,increaseApproval
FN:346,decreaseApproval
FN:374,constructor
FN:381,onlyOwner
FN:390,transferOwnership
FN:407,constructor
FN:431,whenNotPaused
FN:439,whenPaused
FN:447,pause
FN:455,unpause
FN:468,transfer
FN:476,transferFrom
FN:480,approve
FN:484,increaseApproval
FN:488,decreaseApproval
FN:514,constructor
FNF:30
FNH:0
FNDA:0,add
FNDA:0,sub
FNDA:0,sub
FNDA:0,mul
FNDA:0,div
FNDA:0,div
FNDA:0,mod
FNDA:0,mod
FNDA:0,totalSupply
FNDA:0,transfer
FNDA:0,balanceOf
FNDA:0,transferFrom
FNDA:0,approve
FNDA:0,allowance
FNDA:0,increaseApproval
FNDA:0,decreaseApproval
FNDA:0,constructor
FNDA:0,onlyOwner
FNDA:0,transferOwnership
FNDA:0,constructor
FNDA:0,whenNotPaused
FNDA:0,whenPaused
FNDA:0,pause
FNDA:0,unpause
FNDA:0,transfer
FNDA:0,transferFrom
FNDA:0,approve
FNDA:0,increaseApproval
FNDA:0,decreaseApproval
FNDA:0,constructor
DA:52,0
DA:53,0
DA:55,0
DA:68,0
DA:87,0
DA:88,0
DA:90,0
DA:106,0
DA:107,0
DA:110,0
DA:111,0
DA:113,0
DA:128,0
DA:150,0
DA:151,0
DA:154,0
DA:169,0
DA:190,0
DA:191,0
DA:212,0
DA:221,0
DA:222,0
DA:224,0
DA:225,0
DA:226,0
DA:227,0
DA:236,0
DA:283,0
DA:284,0
DA:285,0
DA:287,0
DA:288,0
DA:289,0
DA:290,0
DA:291,0
DA:305,0
DA:306,0
DA:307,0
DA:317,0
DA:331,0
DA:332,0
DA:333,0
DA:347,0
DA:348,0
DA:349,0
DA:351,0
DA:353,0
DA:354,0
DA:375,0
DA:382,0
DA:383,0
DA:391,0
DA:392,0
DA:393,0
DA:408,0
DA:409,0
DA:410,0
DA:411,0
DA:412,0
DA:432,0
DA:433,0
DA:440,0
DA:441,0
DA:448,0
DA:449,0
DA:456,0
DA:457,0
DA:469,0
DA:477,0
DA:481,0
DA:485,0
DA:489,0
DA:515,0
LF:73
LH:0
BRDA:53,1,0,0
BRDA:53,1,1,0
BRDA:87,2,0,0
BRDA:87,2,1,0
BRDA:106,3,0,0
BRDA:106,3,1,0
BRDA:111,4,0,0
BRDA:111,4,1,0
BRDA:150,5,0,0
BRDA:150,5,1,0
BRDA:190,6,0,0
BRDA:190,6,1,0
BRDA:221,7,0,0
BRDA:221,7,1,0
BRDA:222,8,0,0
BRDA:222,8,1,0
BRDA:283,9,0,0
BRDA:283,9,1,0
BRDA:284,10,0,0
BRDA:284,10,1,0
BRDA:285,11,0,0
BRDA:285,11,1,0
BRDA:348,12,0,0
BRDA:348,12,1,0
BRDA:382,13,0,0
BRDA:382,13,1,0
BRDA:391,14,0,0
BRDA:391,14,1,0
BRDA:408,15,0,0
BRDA:408,15,1,0
BRDA:432,16,0,0
BRDA:432,16,1,0
BRDA:440,17,0,0
BRDA:440,17,1,0
BRF:34
BRH:0
end_of_record
TN:
SF:/home/sum/DEV/ETH/Polkastarter/staking-hardhat/contracts/PolsStake.sol
FN:57,constructor
FN:71,setLockTimePeriod
FN:81,setStakeRewardFactor
FN:89,setStakeRewardEndTime
FN:96,stakeAmount_msgSender
FN:100,stakeTime_msgSender
FN:104,userAccumulatedRewards_msgSender
FN:108,userClaimableRewards_msgSender
FN:112,userTotalRewards_msgSender
FN:116,userClaimableRewardToken_msgSender
FN:120,userStakedTokenUnlockTime_msgSender
FN:140,userClaimableRewards
FN:167,userTotalRewards
FN:171,userClaimableRewardToken
FN:181,userStakedTokenUnlockTime
FN:192,_updateAccumulatedRewards
FN:206,_stake
FN:227,_withdraw
FN:248,_claim
FN:264,stake
FN:271,claim
FN:278,withdraw
FNF:22
FNH:0
FNDA:0,constructor
FNDA:0,setLockTimePeriod
FNDA:0,setStakeRewardFactor
FNDA:0,setStakeRewardEndTime
FNDA:0,stakeAmount_msgSender
FNDA:0,stakeTime_msgSender
FNDA:0,userAccumulatedRewards_msgSender
FNDA:0,userClaimableRewards_msgSender
FNDA:0,userTotalRewards_msgSender
FNDA:0,userClaimableRewardToken_msgSender
FNDA:0,userStakedTokenUnlockTime_msgSender
FNDA:0,userClaimableRewards
FNDA:0,userTotalRewards
FNDA:0,userClaimableRewardToken
FNDA:0,userStakedTokenUnlockTime
FNDA:0,_updateAccumulatedRewards
FNDA:0,_stake
FNDA:0,_withdraw
FNDA:0,_claim
FNDA:0,stake
FNDA:0,claim
FNDA:0,withdraw
DA:58,0
DA:59,0
DA:60,0
DA:61,0
DA:62,0
DA:72,0
DA:82,0
DA:90,0
DA:91,0
DA:97,0
DA:101,0
DA:105,0
DA:109,0
DA:113,0
DA:117,0
DA:121,0
DA:143,0
DA:148,0
DA:150,0
DA:155,0
DA:156,0
DA:161,0
DA:164,0
DA:168,0
DA:172,0
DA:173,0
DA:182,0
DA:195,0
DA:199,0
DA:207,0
DA:209,0
DA:212,0
DA:215,0
DA:218,0
DA:219,0
DA:228,0
DA:229,0
DA:231,0
DA:233,0
DA:234,0
DA:238,0
DA:240,0
DA:241,0
DA:249,0
DA:250,0
DA:253,0
DA:255,0
DA:258,0
DA:260,0
DA:261,0
DA:265,0
DA:272,0
DA:279,0
LF:53
LH:0
BRDA:90,1,0,0
BRDA:90,1,1,0
BRDA:143,2,0,0
BRDA:143,2,1,0
BRDA:148,3,0,0
BRDA:148,3,1,0
BRDA:155,4,0,0
BRDA:155,4,1,0
BRDA:207,5,0,0
BRDA:207,5,1,0
BRDA:228,6,0,0
BRDA:228,6,1,0
BRDA:229,7,0,0
BRDA:229,7,1,0
BRDA:250,8,0,0
BRDA:250,8,1,0
BRF:16
BRH:0
end_of_record
TN:
SF:/home/sum/DEV/ETH/Polkastarter/staking-hardhat/contracts/RewardToken.sol
FN:8,constructor
FNF:1
FNH:0
FNDA:0,constructor
DA:10,0
DA:11,0
LF:2
LH:0
BRF:0
BRH:0
end_of_record
